running egg_info
creating ../build/webots_ros2_ld90/webots_ros2_ld90.egg-info
writing ../build/webots_ros2_ld90/webots_ros2_ld90.egg-info/PKG-INFO
writing dependency_links to ../build/webots_ros2_ld90/webots_ros2_ld90.egg-info/dependency_links.txt
writing entry points to ../build/webots_ros2_ld90/webots_ros2_ld90.egg-info/entry_points.txt
writing requirements to ../build/webots_ros2_ld90/webots_ros2_ld90.egg-info/requires.txt
writing top-level names to ../build/webots_ros2_ld90/webots_ros2_ld90.egg-info/top_level.txt
writing manifest file '../build/webots_ros2_ld90/webots_ros2_ld90.egg-info/SOURCES.txt'
reading manifest file '../build/webots_ros2_ld90/webots_ros2_ld90.egg-info/SOURCES.txt'
adding license file 'LICENSE'
writing manifest file '../build/webots_ros2_ld90/webots_ros2_ld90.egg-info/SOURCES.txt'
running build
running build_py
creating /home/solarbean23/Desktop/final/build/webots_ros2_ld90/build
creating /home/solarbean23/Desktop/final/build/webots_ros2_ld90/build/lib
creating /home/solarbean23/Desktop/final/build/webots_ros2_ld90/build/lib/webots_ros2_ld90
copying webots_ros2_ld90/__init__.py -> /home/solarbean23/Desktop/final/build/webots_ros2_ld90/build/lib/webots_ros2_ld90
running install
running install_lib
creating /home/solarbean23/Desktop/final/install/webots_ros2_ld90/lib/python3.10/site-packages/webots_ros2_ld90
copying /home/solarbean23/Desktop/final/build/webots_ros2_ld90/build/lib/webots_ros2_ld90/__init__.py -> /home/solarbean23/Desktop/final/install/webots_ros2_ld90/lib/python3.10/site-packages/webots_ros2_ld90
byte-compiling /home/solarbean23/Desktop/final/install/webots_ros2_ld90/lib/python3.10/site-packages/webots_ros2_ld90/__init__.py to __init__.cpython-310.pyc
running install_data
creating /home/solarbean23/Desktop/final/install/webots_ros2_ld90/share/ament_index
creating /home/solarbean23/Desktop/final/install/webots_ros2_ld90/share/ament_index/resource_index
creating /home/solarbean23/Desktop/final/install/webots_ros2_ld90/share/ament_index/resource_index/packages
copying resource/webots_ros2_ld90 -> /home/solarbean23/Desktop/final/install/webots_ros2_ld90/share/ament_index/resource_index/packages
creating /home/solarbean23/Desktop/final/install/webots_ros2_ld90/share/webots_ros2_ld90/protos
copying protos/LD90.proto -> /home/solarbean23/Desktop/final/install/webots_ros2_ld90/share/webots_ros2_ld90/protos
copying protos/LD90RearDistanceSensor.proto -> /home/solarbean23/Desktop/final/install/webots_ros2_ld90/share/webots_ros2_ld90/protos
copying protos/SickLms291.proto -> /home/solarbean23/Desktop/final/install/webots_ros2_ld90/share/webots_ros2_ld90/protos
creating /home/solarbean23/Desktop/final/install/webots_ros2_ld90/share/webots_ros2_ld90/protos/meshes
copying protos/meshes/LD_Platform.STL -> /home/solarbean23/Desktop/final/install/webots_ros2_ld90/share/webots_ros2_ld90/protos/meshes
creating /home/solarbean23/Desktop/final/install/webots_ros2_ld90/share/webots_ros2_ld90/protos/textures
copying protos/textures/sick_lms291_roughness.jpg -> /home/solarbean23/Desktop/final/install/webots_ros2_ld90/share/webots_ros2_ld90/protos/textures
copying protos/textures/sick_lms291.png -> /home/solarbean23/Desktop/final/install/webots_ros2_ld90/share/webots_ros2_ld90/protos/textures
creating /home/solarbean23/Desktop/final/install/webots_ros2_ld90/share/webots_ros2_ld90/worlds
copying worlds/my_ld90.wbt -> /home/solarbean23/Desktop/final/install/webots_ros2_ld90/share/webots_ros2_ld90/worlds
creating /home/solarbean23/Desktop/final/install/webots_ros2_ld90/share/webots_ros2_ld90/resource
copying resource/ros2control.yaml -> /home/solarbean23/Desktop/final/install/webots_ros2_ld90/share/webots_ros2_ld90/resource
copying resource/LD90.urdf -> /home/solarbean23/Desktop/final/install/webots_ros2_ld90/share/webots_ros2_ld90/resource
creating /home/solarbean23/Desktop/final/install/webots_ros2_ld90/share/webots_ros2_ld90/launch
copying launch/robot_launch.py -> /home/solarbean23/Desktop/final/install/webots_ros2_ld90/share/webots_ros2_ld90/launch
copying package.xml -> /home/solarbean23/Desktop/final/install/webots_ros2_ld90/share/webots_ros2_ld90
running install_egg_info
Copying ../build/webots_ros2_ld90/webots_ros2_ld90.egg-info to /home/solarbean23/Desktop/final/install/webots_ros2_ld90/lib/python3.10/site-packages/webots_ros2_ld90-0.0.0-py3.10.egg-info
running install_scripts
writing list of installed files to '/home/solarbean23/Desktop/final/build/webots_ros2_ld90/install.log'
