[0.382s] Invoking command in '/home/solarbean23/Desktop/final/webots_ros2_ld90': PYTHONPATH=/home/solarbean23/Desktop/final/build/webots_ros2_ld90/prefix_override:/home/solarbean23/Desktop/final/install/webots_ros2_ld90/lib/python3.10/site-packages:${PYTHONPATH} /usr/bin/python3 -W ignore:setup.py install is deprecated setup.py egg_info --egg-base ../build/webots_ros2_ld90 build --build-base /home/solarbean23/Desktop/final/build/webots_ros2_ld90/build install --record /home/solarbean23/Desktop/final/build/webots_ros2_ld90/install.log --single-version-externally-managed install_data
[0.524s] running egg_info
[0.524s] creating ../build/webots_ros2_ld90/webots_ros2_ld90.egg-info
[0.524s] writing ../build/webots_ros2_ld90/webots_ros2_ld90.egg-info/PKG-INFO
[0.524s] writing dependency_links to ../build/webots_ros2_ld90/webots_ros2_ld90.egg-info/dependency_links.txt
[0.524s] writing entry points to ../build/webots_ros2_ld90/webots_ros2_ld90.egg-info/entry_points.txt
[0.525s] writing requirements to ../build/webots_ros2_ld90/webots_ros2_ld90.egg-info/requires.txt
[0.525s] writing top-level names to ../build/webots_ros2_ld90/webots_ros2_ld90.egg-info/top_level.txt
[0.525s] writing manifest file '../build/webots_ros2_ld90/webots_ros2_ld90.egg-info/SOURCES.txt'
[0.525s] reading manifest file '../build/webots_ros2_ld90/webots_ros2_ld90.egg-info/SOURCES.txt'
[0.526s] adding license file 'LICENSE'
[0.526s] writing manifest file '../build/webots_ros2_ld90/webots_ros2_ld90.egg-info/SOURCES.txt'
[0.526s] running build
[0.526s] running build_py
[0.526s] creating /home/solarbean23/Desktop/final/build/webots_ros2_ld90/build
[0.526s] creating /home/solarbean23/Desktop/final/build/webots_ros2_ld90/build/lib
[0.526s] creating /home/solarbean23/Desktop/final/build/webots_ros2_ld90/build/lib/webots_ros2_ld90
[0.526s] copying webots_ros2_ld90/__init__.py -> /home/solarbean23/Desktop/final/build/webots_ros2_ld90/build/lib/webots_ros2_ld90
[0.526s] running install
[0.527s] running install_lib
[0.527s] creating /home/solarbean23/Desktop/final/install/webots_ros2_ld90/lib/python3.10/site-packages/webots_ros2_ld90
[0.527s] copying /home/solarbean23/Desktop/final/build/webots_ros2_ld90/build/lib/webots_ros2_ld90/__init__.py -> /home/solarbean23/Desktop/final/install/webots_ros2_ld90/lib/python3.10/site-packages/webots_ros2_ld90
[0.527s] byte-compiling /home/solarbean23/Desktop/final/install/webots_ros2_ld90/lib/python3.10/site-packages/webots_ros2_ld90/__init__.py to __init__.cpython-310.pyc
[0.527s] running install_data
[0.527s] creating /home/solarbean23/Desktop/final/install/webots_ros2_ld90/share/ament_index
[0.527s] creating /home/solarbean23/Desktop/final/install/webots_ros2_ld90/share/ament_index/resource_index
[0.527s] creating /home/solarbean23/Desktop/final/install/webots_ros2_ld90/share/ament_index/resource_index/packages
[0.528s] copying resource/webots_ros2_ld90 -> /home/solarbean23/Desktop/final/install/webots_ros2_ld90/share/ament_index/resource_index/packages
[0.528s] creating /home/solarbean23/Desktop/final/install/webots_ros2_ld90/share/webots_ros2_ld90/protos
[0.528s] copying protos/LD90.proto -> /home/solarbean23/Desktop/final/install/webots_ros2_ld90/share/webots_ros2_ld90/protos
[0.528s] copying protos/LD90RearDistanceSensor.proto -> /home/solarbean23/Desktop/final/install/webots_ros2_ld90/share/webots_ros2_ld90/protos
[0.528s] copying protos/SickLms291.proto -> /home/solarbean23/Desktop/final/install/webots_ros2_ld90/share/webots_ros2_ld90/protos
[0.528s] creating /home/solarbean23/Desktop/final/install/webots_ros2_ld90/share/webots_ros2_ld90/protos/meshes
[0.528s] copying protos/meshes/LD_Platform.STL -> /home/solarbean23/Desktop/final/install/webots_ros2_ld90/share/webots_ros2_ld90/protos/meshes
[0.533s] creating /home/solarbean23/Desktop/final/install/webots_ros2_ld90/share/webots_ros2_ld90/protos/textures
[0.533s] copying protos/textures/sick_lms291_roughness.jpg -> /home/solarbean23/Desktop/final/install/webots_ros2_ld90/share/webots_ros2_ld90/protos/textures
[0.533s] copying protos/textures/sick_lms291.png -> /home/solarbean23/Desktop/final/install/webots_ros2_ld90/share/webots_ros2_ld90/protos/textures
[0.533s] creating /home/solarbean23/Desktop/final/install/webots_ros2_ld90/share/webots_ros2_ld90/worlds
[0.533s] copying worlds/my_ld90.wbt -> /home/solarbean23/Desktop/final/install/webots_ros2_ld90/share/webots_ros2_ld90/worlds
[0.534s] creating /home/solarbean23/Desktop/final/install/webots_ros2_ld90/share/webots_ros2_ld90/resource
[0.534s] copying resource/ros2control.yaml -> /home/solarbean23/Desktop/final/install/webots_ros2_ld90/share/webots_ros2_ld90/resource
[0.534s] copying resource/LD90.urdf -> /home/solarbean23/Desktop/final/install/webots_ros2_ld90/share/webots_ros2_ld90/resource
[0.534s] creating /home/solarbean23/Desktop/final/install/webots_ros2_ld90/share/webots_ros2_ld90/launch
[0.534s] copying launch/robot_launch.py -> /home/solarbean23/Desktop/final/install/webots_ros2_ld90/share/webots_ros2_ld90/launch
[0.534s] copying package.xml -> /home/solarbean23/Desktop/final/install/webots_ros2_ld90/share/webots_ros2_ld90
[0.534s] running install_egg_info
[0.535s] Copying ../build/webots_ros2_ld90/webots_ros2_ld90.egg-info to /home/solarbean23/Desktop/final/install/webots_ros2_ld90/lib/python3.10/site-packages/webots_ros2_ld90-0.0.0-py3.10.egg-info
[0.535s] running install_scripts
[0.549s] writing list of installed files to '/home/solarbean23/Desktop/final/build/webots_ros2_ld90/install.log'
[0.564s] Invoked command in '/home/solarbean23/Desktop/final/webots_ros2_ld90' returned '0': PYTHONPATH=/home/solarbean23/Desktop/final/build/webots_ros2_ld90/prefix_override:/home/solarbean23/Desktop/final/install/webots_ros2_ld90/lib/python3.10/site-packages:${PYTHONPATH} /usr/bin/python3 -W ignore:setup.py install is deprecated setup.py egg_info --egg-base ../build/webots_ros2_ld90 build --build-base /home/solarbean23/Desktop/final/build/webots_ros2_ld90/build install --record /home/solarbean23/Desktop/final/build/webots_ros2_ld90/install.log --single-version-externally-managed install_data
