/home/solarbean23/Desktop/final/install/webots_ros2_ld90/lib/python3.10/site-packages/webots_ros2_ld90/__init__.py
/home/solarbean23/Desktop/final/install/webots_ros2_ld90/lib/python3.10/site-packages/webots_ros2_ld90/__pycache__/__init__.cpython-310.pyc
/home/solarbean23/Desktop/final/install/webots_ros2_ld90/share/ament_index/resource_index/packages/webots_ros2_ld90
/home/solarbean23/Desktop/final/install/webots_ros2_ld90/share/webots_ros2_ld90/protos/LD90.proto
/home/solarbean23/Desktop/final/install/webots_ros2_ld90/share/webots_ros2_ld90/protos/LD90RearDistanceSensor.proto
/home/solarbean23/Desktop/final/install/webots_ros2_ld90/share/webots_ros2_ld90/protos/SickLms291.proto
/home/solarbean23/Desktop/final/install/webots_ros2_ld90/share/webots_ros2_ld90/protos/meshes/LD_Platform.STL
/home/solarbean23/Desktop/final/install/webots_ros2_ld90/share/webots_ros2_ld90/protos/textures/sick_lms291_roughness.jpg
/home/solarbean23/Desktop/final/install/webots_ros2_ld90/share/webots_ros2_ld90/protos/textures/sick_lms291.png
/home/solarbean23/Desktop/final/install/webots_ros2_ld90/share/webots_ros2_ld90/worlds/my_ld90.wbt
/home/solarbean23/Desktop/final/install/webots_ros2_ld90/share/webots_ros2_ld90/worlds/contest.wbt
/home/solarbean23/Desktop/final/install/webots_ros2_ld90/share/webots_ros2_ld90/worlds/no_human.wbt
/home/solarbean23/Desktop/final/install/webots_ros2_ld90/share/webots_ros2_ld90/worlds/modify_no_human.wbt
/home/solarbean23/Desktop/final/install/webots_ros2_ld90/share/webots_ros2_ld90/resource/ros2control.yaml
/home/solarbean23/Desktop/final/install/webots_ros2_ld90/share/webots_ros2_ld90/resource/LD90.urdf
/home/solarbean23/Desktop/final/install/webots_ros2_ld90/share/webots_ros2_ld90/launch/robot_launch.py
/home/solarbean23/Desktop/final/install/webots_ros2_ld90/share/webots_ros2_ld90/package.xml
/home/solarbean23/Desktop/final/install/webots_ros2_ld90/lib/python3.10/site-packages/webots_ros2_ld90-0.0.0-py3.10.egg-info/zip-safe
/home/solarbean23/Desktop/final/install/webots_ros2_ld90/lib/python3.10/site-packages/webots_ros2_ld90-0.0.0-py3.10.egg-info/top_level.txt
/home/solarbean23/Desktop/final/install/webots_ros2_ld90/lib/python3.10/site-packages/webots_ros2_ld90-0.0.0-py3.10.egg-info/entry_points.txt
/home/solarbean23/Desktop/final/install/webots_ros2_ld90/lib/python3.10/site-packages/webots_ros2_ld90-0.0.0-py3.10.egg-info/PKG-INFO
/home/solarbean23/Desktop/final/install/webots_ros2_ld90/lib/python3.10/site-packages/webots_ros2_ld90-0.0.0-py3.10.egg-info/dependency_links.txt
/home/solarbean23/Desktop/final/install/webots_ros2_ld90/lib/python3.10/site-packages/webots_ros2_ld90-0.0.0-py3.10.egg-info/SOURCES.txt
/home/solarbean23/Desktop/final/install/webots_ros2_ld90/lib/python3.10/site-packages/webots_ros2_ld90-0.0.0-py3.10.egg-info/requires.txt
