[0.407s] Invoking command in '/home/solarbean23/Desktop/final/webots_ros2_ld90': PYTHONPATH=/home/solarbean23/Desktop/final/build/webots_ros2_ld90/prefix_override:/home/solarbean23/Desktop/final/install/webots_ros2_ld90/lib/python3.10/site-packages:${PYTHONPATH} /usr/bin/python3 -W ignore:setup.py install is deprecated setup.py egg_info --egg-base ../build/webots_ros2_ld90 build --build-base /home/solarbean23/Desktop/final/build/webots_ros2_ld90/build install --record /home/solarbean23/Desktop/final/build/webots_ros2_ld90/install.log --single-version-externally-managed install_data
[0.552s] running egg_info
[0.552s] writing ../build/webots_ros2_ld90/webots_ros2_ld90.egg-info/PKG-INFO
[0.552s] writing dependency_links to ../build/webots_ros2_ld90/webots_ros2_ld90.egg-info/dependency_links.txt
[0.552s] writing entry points to ../build/webots_ros2_ld90/webots_ros2_ld90.egg-info/entry_points.txt
[0.552s] writing requirements to ../build/webots_ros2_ld90/webots_ros2_ld90.egg-info/requires.txt
[0.552s] writing top-level names to ../build/webots_ros2_ld90/webots_ros2_ld90.egg-info/top_level.txt
[0.554s] reading manifest file '../build/webots_ros2_ld90/webots_ros2_ld90.egg-info/SOURCES.txt'
[0.559s] adding license file 'LICENSE'
[0.560s] writing manifest file '../build/webots_ros2_ld90/webots_ros2_ld90.egg-info/SOURCES.txt'
[0.560s] running build
[0.560s] running build_py
[0.560s] running install
[0.560s] running install_lib
[0.561s] running install_data
[0.561s] copying protos/LD90.proto -> /home/solarbean23/Desktop/final/install/webots_ros2_ld90/share/webots_ros2_ld90/protos
[0.561s] copying launch/robot_launch.py -> /home/solarbean23/Desktop/final/install/webots_ros2_ld90/share/webots_ros2_ld90/launch
[0.561s] running install_egg_info
[0.562s] removing '/home/solarbean23/Desktop/final/install/webots_ros2_ld90/lib/python3.10/site-packages/webots_ros2_ld90-0.0.0-py3.10.egg-info' (and everything under it)
[0.562s] Copying ../build/webots_ros2_ld90/webots_ros2_ld90.egg-info to /home/solarbean23/Desktop/final/install/webots_ros2_ld90/lib/python3.10/site-packages/webots_ros2_ld90-0.0.0-py3.10.egg-info
[0.563s] running install_scripts
[0.577s] writing list of installed files to '/home/solarbean23/Desktop/final/build/webots_ros2_ld90/install.log'
[0.593s] Invoked command in '/home/solarbean23/Desktop/final/webots_ros2_ld90' returned '0': PYTHONPATH=/home/solarbean23/Desktop/final/build/webots_ros2_ld90/prefix_override:/home/solarbean23/Desktop/final/install/webots_ros2_ld90/lib/python3.10/site-packages:${PYTHONPATH} /usr/bin/python3 -W ignore:setup.py install is deprecated setup.py egg_info --egg-base ../build/webots_ros2_ld90 build --build-base /home/solarbean23/Desktop/final/build/webots_ros2_ld90/build install --record /home/solarbean23/Desktop/final/build/webots_ros2_ld90/install.log --single-version-externally-managed install_data
