running egg_info
writing ../build/webots_ros2_ld90/webots_ros2_ld90.egg-info/PKG-INFO
writing dependency_links to ../build/webots_ros2_ld90/webots_ros2_ld90.egg-info/dependency_links.txt
writing entry points to ../build/webots_ros2_ld90/webots_ros2_ld90.egg-info/entry_points.txt
writing requirements to ../build/webots_ros2_ld90/webots_ros2_ld90.egg-info/requires.txt
writing top-level names to ../build/webots_ros2_ld90/webots_ros2_ld90.egg-info/top_level.txt
reading manifest file '../build/webots_ros2_ld90/webots_ros2_ld90.egg-info/SOURCES.txt'
adding license file 'LICENSE'
writing manifest file '../build/webots_ros2_ld90/webots_ros2_ld90.egg-info/SOURCES.txt'
running build
running build_py
running install
running install_lib
running install_data
copying protos/LD90.proto -> /home/solarbean23/Desktop/final/install/webots_ros2_ld90/share/webots_ros2_ld90/protos
copying resource/ros2control.yaml -> /home/solarbean23/Desktop/final/install/webots_ros2_ld90/share/webots_ros2_ld90/resource
copying resource/LD90.urdf -> /home/solarbean23/Desktop/final/install/webots_ros2_ld90/share/webots_ros2_ld90/resource
running install_egg_info
removing '/home/solarbean23/Desktop/final/install/webots_ros2_ld90/lib/python3.10/site-packages/webots_ros2_ld90-0.0.0-py3.10.egg-info' (and everything under it)
Copying ../build/webots_ros2_ld90/webots_ros2_ld90.egg-info to /home/solarbean23/Desktop/final/install/webots_ros2_ld90/lib/python3.10/site-packages/webots_ros2_ld90-0.0.0-py3.10.egg-info
running install_scripts
writing list of installed files to '/home/solarbean23/Desktop/final/build/webots_ros2_ld90/install.log'
